<?xml version="1.0" encoding="UTF-8"?>
<testsuite xmlns:xsi="http://www.w3.org/2001/XMLSchema-instance" xsi:noNamespaceSchemaLocation="https://maven.apache.org/surefire/maven-surefire-plugin/xsd/surefire-test-report.xsd" name="tychodemo.bundle.Alex1Test" time="0.005" tests="1" errors="0" skipped="0" failures="0">
  <properties>
    <property name="gopherProxySet" value="false"/>
    <property name="awt.toolkit" value="sun.lwawt.macosx.LWCToolkit"/>
    <property name="file.encoding.pkg" value="sun.io"/>
    <property name="java.specification.version" value="1.8"/>
    <property name="sun.cpu.isalist" value=""/>
    <property name="sun.jnu.encoding" value="UTF-8"/>
    <property name="java.class.path" value="/Users/zhangqian/eclipse-workspace/tychodemo.bundle.test1/target/test-classes:/Users/zhangqian/eclipse-workspace/tychodemo.bundle.test1/target/classes:/Users/zhangqian/.m2/repository/p2/osgi/bundle/org.eclipse.core.commands/3.6.0.I20110111-0800/org.eclipse.core.commands-3.6.0.I20110111-0800.jar:/Users/zhangqian/.m2/repository/p2/osgi/bundle/org.eclipse.equinox.common/3.6.0.v20110523/org.eclipse.equinox.common-3.6.0.v20110523.jar:/Users/zhangqian/.m2/repository/p2/osgi/bundle/org.eclipse.core.contenttype/3.4.100.v20110423-0524/org.eclipse.core.contenttype-3.4.100.v20110423-0524.jar:/Users/zhangqian/.m2/repository/p2/osgi/bundle/org.eclipse.equinox.preferences/3.4.2.v20120111-2020/org.eclipse.equinox.preferences-3.4.2.v20120111-2020.jar:/Users/zhangqian/.m2/repository/p2/osgi/bundle/org.eclipse.equinox.registry/3.5.101.R37x_v20110810-1611/org.eclipse.equinox.registry-3.5.101.R37x_v20110810-1611.jar:/Users/zhangqian/.m2/repository/p2/osgi/bundle/org.eclipse.osgi/3.7.2.v20120110-1415/org.eclipse.osgi-3.7.2.v20120110-1415.jar:/Users/zhangqian/.m2/repository/p2/osgi/bundle/org.eclipse.core.databinding/1.4.0.I20110111-0800/org.eclipse.core.databinding-1.4.0.I20110111-0800.jar:/Users/zhangqian/.m2/repository/p2/osgi/bundle/org.eclipse.core.databinding.observable/1.4.0.I20110222-0800/org.eclipse.core.databinding.observable-1.4.0.I20110222-0800.jar:/Users/zhangqian/.m2/repository/p2/osgi/bundle/org.eclipse.core.databinding.property/1.4.0.I20110222-0800/org.eclipse.core.databinding.property-1.4.0.I20110222-0800.jar:/Users/zhangqian/.m2/repository/p2/osgi/bundle/com.ibm.icu/4.4.2.v20110823/com.ibm.icu-4.4.2.v20110823.jar:/Users/zhangqian/.m2/repository/p2/osgi/bundle/org.eclipse.core.expressions/3.4.300.v20110228/org.eclipse.core.expressions-3.4.300.v20110228.jar:/Users/zhangqian/.m2/repository/p2/osgi/bundle/org.eclipse.core.runtime/3.7.0.v20110110/org.eclipse.core.runtime-3.7.0.v20110110.jar:/Users/zhangqian/.m2/repository/p2/osgi/bundle/org.eclipse.core.jobs/3.5.101.v20120113-1953/org.eclipse.core.jobs-3.5.101.v20120113-1953.jar:/Users/zhangqian/.m2/repository/p2/osgi/bundle/org.eclipse.core.runtime.compatibility.auth/3.2.200.v20110110/org.eclipse.core.runtime.compatibility.auth-3.2.200.v20110110.jar:/Users/zhangqian/.m2/repository/p2/osgi/bundle/org.eclipse.equinox.app/1.3.100.v20110321/org.eclipse.equinox.app-1.3.100.v20110321.jar:/Users/zhangqian/.m2/repository/p2/osgi/bundle/org.eclipse.osgi.services/3.3.0.v20110513/org.eclipse.osgi.services-3.3.0.v20110513.jar:/Users/zhangqian/.m2/repository/p2/osgi/bundle/org.eclipse.equinox.ds/1.3.1.R37x_v20110701/org.eclipse.equinox.ds-1.3.1.R37x_v20110701.jar:/Users/zhangqian/.m2/repository/p2/osgi/bundle/org.eclipse.equinox.util/1.0.300.v20110502/org.eclipse.equinox.util-1.0.300.v20110502.jar:/Users/zhangqian/.m2/repository/p2/osgi/bundle/org.eclipse.help/3.5.100.v20110426/org.eclipse.help-3.5.100.v20110426.jar:/Users/zhangqian/.m2/repository/p2/osgi/bundle/org.eclipse.jface/3.7.0.v20110928-1505/org.eclipse.jface-3.7.0.v20110928-1505.jar:/Users/zhangqian/.m2/repository/p2/osgi/bundle/org.eclipse.swt/3.7.2.v3740f/org.eclipse.swt-3.7.2.v3740f.jar:/Users/zhangqian/.m2/repository/p2/osgi/bundle/org.eclipse.jface.databinding/1.5.0.I20100907-0800/org.eclipse.jface.databinding-1.5.0.I20100907-0800.jar:/Users/zhangqian/.m2/repository/p2/osgi/bundle/org.eclipse.ui/3.7.0.v20110928-1505/org.eclipse.ui-3.7.0.v20110928-1505.jar:/Users/zhangqian/.m2/repository/p2/osgi/bundle/org.eclipse.ui.workbench/3.7.1.v20120104-1859/org.eclipse.ui.workbench-3.7.1.v20120104-1859.jar:/Users/zhangqian/eclipse-workspace/tychodemo.bundle/target/classes:/Users/zhangqian/eclipse-workspace/tychodemo.thirdparty/target/classes:/Users/zhangqian/eclipse-workspace/tychodemo.thirdparty/lib/junit-4.12.jar:/Users/zhangqian/eclipse-workspace/tychodemo.thirdparty/lib/guava-28.0-jre.jar:/Users/zhangqian/.m2/repository/p2/osgi/bundle/org.eclipse.swt.cocoa.macosx.x86_64/3.7.2.v3740f/org.eclipse.swt.cocoa.macosx.x86_64-3.7.2.v3740f.jar:"/>
    <property name="java.vm.vendor" value="Oracle Corporation"/>
    <property name="sun.arch.data.model" value="64"/>
    <property name="java.vendor.url" value="http://java.oracle.com/"/>
    <property name="user.timezone" value=""/>
    <property name="java.vm.specification.version" value="1.8"/>
    <property name="os.name" value="Mac OS X"/>
    <property name="user.country" value="CN"/>
    <property name="sun.java.launcher" value="SUN_STANDARD"/>
    <property name="sun.boot.library.path" value="/Library/Java/JavaVirtualMachines/jdk1.8.0_211.jdk/Contents/Home/jre/lib"/>
    <property name="sun.java.command" value="/Users/zhangqian/eclipse-workspace/tychodemo.bundle.test1/target/surefire/surefirebooter1802602542530832673.jar /Users/zhangqian/eclipse-workspace/tychodemo.bundle.test1/target/surefire 2019-07-09T21-20-52_292-jvmRun1 surefire5757543821907287017tmp surefire_16377985929997573468tmp"/>
    <property name="http.nonProxyHosts" value="local|*.local|169.254/16|*.169.254/16"/>
    <property name="surefire.test.class.path" value="/Users/zhangqian/eclipse-workspace/tychodemo.bundle.test1/target/test-classes:/Users/zhangqian/eclipse-workspace/tychodemo.bundle.test1/target/classes:/Users/zhangqian/.m2/repository/p2/osgi/bundle/org.eclipse.core.commands/3.6.0.I20110111-0800/org.eclipse.core.commands-3.6.0.I20110111-0800.jar:/Users/zhangqian/.m2/repository/p2/osgi/bundle/org.eclipse.equinox.common/3.6.0.v20110523/org.eclipse.equinox.common-3.6.0.v20110523.jar:/Users/zhangqian/.m2/repository/p2/osgi/bundle/org.eclipse.core.contenttype/3.4.100.v20110423-0524/org.eclipse.core.contenttype-3.4.100.v20110423-0524.jar:/Users/zhangqian/.m2/repository/p2/osgi/bundle/org.eclipse.equinox.preferences/3.4.2.v20120111-2020/org.eclipse.equinox.preferences-3.4.2.v20120111-2020.jar:/Users/zhangqian/.m2/repository/p2/osgi/bundle/org.eclipse.equinox.registry/3.5.101.R37x_v20110810-1611/org.eclipse.equinox.registry-3.5.101.R37x_v20110810-1611.jar:/Users/zhangqian/.m2/repository/p2/osgi/bundle/org.eclipse.osgi/3.7.2.v20120110-1415/org.eclipse.osgi-3.7.2.v20120110-1415.jar:/Users/zhangqian/.m2/repository/p2/osgi/bundle/org.eclipse.core.databinding/1.4.0.I20110111-0800/org.eclipse.core.databinding-1.4.0.I20110111-0800.jar:/Users/zhangqian/.m2/repository/p2/osgi/bundle/org.eclipse.core.databinding.observable/1.4.0.I20110222-0800/org.eclipse.core.databinding.observable-1.4.0.I20110222-0800.jar:/Users/zhangqian/.m2/repository/p2/osgi/bundle/org.eclipse.core.databinding.property/1.4.0.I20110222-0800/org.eclipse.core.databinding.property-1.4.0.I20110222-0800.jar:/Users/zhangqian/.m2/repository/p2/osgi/bundle/com.ibm.icu/4.4.2.v20110823/com.ibm.icu-4.4.2.v20110823.jar:/Users/zhangqian/.m2/repository/p2/osgi/bundle/org.eclipse.core.expressions/3.4.300.v20110228/org.eclipse.core.expressions-3.4.300.v20110228.jar:/Users/zhangqian/.m2/repository/p2/osgi/bundle/org.eclipse.core.runtime/3.7.0.v20110110/org.eclipse.core.runtime-3.7.0.v20110110.jar:/Users/zhangqian/.m2/repository/p2/osgi/bundle/org.eclipse.core.jobs/3.5.101.v20120113-1953/org.eclipse.core.jobs-3.5.101.v20120113-1953.jar:/Users/zhangqian/.m2/repository/p2/osgi/bundle/org.eclipse.core.runtime.compatibility.auth/3.2.200.v20110110/org.eclipse.core.runtime.compatibility.auth-3.2.200.v20110110.jar:/Users/zhangqian/.m2/repository/p2/osgi/bundle/org.eclipse.equinox.app/1.3.100.v20110321/org.eclipse.equinox.app-1.3.100.v20110321.jar:/Users/zhangqian/.m2/repository/p2/osgi/bundle/org.eclipse.osgi.services/3.3.0.v20110513/org.eclipse.osgi.services-3.3.0.v20110513.jar:/Users/zhangqian/.m2/repository/p2/osgi/bundle/org.eclipse.equinox.ds/1.3.1.R37x_v20110701/org.eclipse.equinox.ds-1.3.1.R37x_v20110701.jar:/Users/zhangqian/.m2/repository/p2/osgi/bundle/org.eclipse.equinox.util/1.0.300.v20110502/org.eclipse.equinox.util-1.0.300.v20110502.jar:/Users/zhangqian/.m2/repository/p2/osgi/bundle/org.eclipse.help/3.5.100.v20110426/org.eclipse.help-3.5.100.v20110426.jar:/Users/zhangqian/.m2/repository/p2/osgi/bundle/org.eclipse.jface/3.7.0.v20110928-1505/org.eclipse.jface-3.7.0.v20110928-1505.jar:/Users/zhangqian/.m2/repository/p2/osgi/bundle/org.eclipse.swt/3.7.2.v3740f/org.eclipse.swt-3.7.2.v3740f.jar:/Users/zhangqian/.m2/repository/p2/osgi/bundle/org.eclipse.jface.databinding/1.5.0.I20100907-0800/org.eclipse.jface.databinding-1.5.0.I20100907-0800.jar:/Users/zhangqian/.m2/repository/p2/osgi/bundle/org.eclipse.ui/3.7.0.v20110928-1505/org.eclipse.ui-3.7.0.v20110928-1505.jar:/Users/zhangqian/.m2/repository/p2/osgi/bundle/org.eclipse.ui.workbench/3.7.1.v20120104-1859/org.eclipse.ui.workbench-3.7.1.v20120104-1859.jar:/Users/zhangqian/eclipse-workspace/tychodemo.bundle/target/classes:/Users/zhangqian/eclipse-workspace/tychodemo.thirdparty/target/classes:/Users/zhangqian/eclipse-workspace/tychodemo.thirdparty/lib/junit-4.12.jar:/Users/zhangqian/eclipse-workspace/tychodemo.thirdparty/lib/guava-28.0-jre.jar:/Users/zhangqian/.m2/repository/p2/osgi/bundle/org.eclipse.swt.cocoa.macosx.x86_64/3.7.2.v3740f/org.eclipse.swt.cocoa.macosx.x86_64-3.7.2.v3740f.jar:"/>
    <property name="sun.cpu.endian" value="little"/>
    <property name="user.home" value="/Users/zhangqian"/>
    <property name="user.language" value="zh"/>
    <property name="java.specification.vendor" value="Oracle Corporation"/>
    <property name="java.home" value="/Library/Java/JavaVirtualMachines/jdk1.8.0_211.jdk/Contents/Home/jre"/>
    <property name="basedir" value="/Users/zhangqian/eclipse-workspace/tychodemo.bundle.test1"/>
    <property name="file.separator" value="/"/>
    <property name="line.separator" value="&#10;"/>
    <property name="java.vm.specification.vendor" value="Oracle Corporation"/>
    <property name="java.specification.name" value="Java Platform API Specification"/>
    <property name="java.awt.graphicsenv" value="sun.awt.CGraphicsEnvironment"/>
    <property name="surefire.real.class.path" value="/Users/zhangqian/eclipse-workspace/tychodemo.bundle.test1/target/surefire/surefirebooter1802602542530832673.jar"/>
    <property name="sun.boot.class.path" value="/Library/Java/JavaVirtualMachines/jdk1.8.0_211.jdk/Contents/Home/jre/lib/resources.jar:/Library/Java/JavaVirtualMachines/jdk1.8.0_211.jdk/Contents/Home/jre/lib/rt.jar:/Library/Java/JavaVirtualMachines/jdk1.8.0_211.jdk/Contents/Home/jre/lib/sunrsasign.jar:/Library/Java/JavaVirtualMachines/jdk1.8.0_211.jdk/Contents/Home/jre/lib/jsse.jar:/Library/Java/JavaVirtualMachines/jdk1.8.0_211.jdk/Contents/Home/jre/lib/jce.jar:/Library/Java/JavaVirtualMachines/jdk1.8.0_211.jdk/Contents/Home/jre/lib/charsets.jar:/Library/Java/JavaVirtualMachines/jdk1.8.0_211.jdk/Contents/Home/jre/lib/jfr.jar:/Library/Java/JavaVirtualMachines/jdk1.8.0_211.jdk/Contents/Home/jre/classes"/>
    <property name="sun.management.compiler" value="HotSpot 64-Bit Tiered Compilers"/>
    <property name="ftp.nonProxyHosts" value="local|*.local|169.254/16|*.169.254/16"/>
    <property name="java.runtime.version" value="1.8.0_211-b12"/>
    <property name="user.name" value="zhangqian"/>
    <property name="path.separator" value=":"/>
    <property name="os.version" value="10.14.5"/>
    <property name="java.endorsed.dirs" value="/Library/Java/JavaVirtualMachines/jdk1.8.0_211.jdk/Contents/Home/jre/lib/endorsed"/>
    <property name="java.runtime.name" value="Java(TM) SE Runtime Environment"/>
    <property name="file.encoding" value="UTF-8"/>
    <property name="java.vm.name" value="Java HotSpot(TM) 64-Bit Server VM"/>
    <property name="localRepository" value="/Users/zhangqian/.m2/repository"/>
    <property name="java.vendor.url.bug" value="http://bugreport.sun.com/bugreport/"/>
    <property name="java.io.tmpdir" value="/var/folders/7f/fvl37bvx26n9zqc1qqtrqzlw0000gn/T/"/>
    <property name="java.version" value="1.8.0_211"/>
    <property name="user.dir" value="/Users/zhangqian/eclipse-workspace/tychodemo.bundle.test1"/>
    <property name="os.arch" value="x86_64"/>
    <property name="java.vm.specification.name" value="Java Virtual Machine Specification"/>
    <property name="java.awt.printerjob" value="sun.lwawt.macosx.CPrinterJob"/>
    <property name="sun.os.patch.level" value="unknown"/>
    <property name="java.library.path" value="/Users/zhangqian/Library/Java/Extensions:/Library/Java/Extensions:/Network/Library/Java/Extensions:/System/Library/Java/Extensions:/usr/lib/java:."/>
    <property name="java.vm.info" value="mixed mode"/>
    <property name="java.vendor" value="Oracle Corporation"/>
    <property name="java.vm.version" value="25.211-b12"/>
    <property name="java.ext.dirs" value="/Users/zhangqian/Library/Java/Extensions:/Library/Java/JavaVirtualMachines/jdk1.8.0_211.jdk/Contents/Home/jre/lib/ext:/Library/Java/Extensions:/Network/Library/Java/Extensions:/System/Library/Java/Extensions:/usr/lib/java"/>
    <property name="sun.io.unicode.encoding" value="UnicodeBig"/>
    <property name="java.class.version" value="52.0"/>
    <property name="socksNonProxyHosts" value="local|*.local|169.254/16|*.169.254/16"/>
  </properties>
  <testcase name="tychodemo.bundle.Alex1Test.testCalculate" classname="tychodemo.bundle.Alex1Test" time="0.003"/>
</testsuite>